TN:
SF:src/components/Component.js
FN:20,(anonymous_0)
FN:41,(anonymous_1)
FN:49,(anonymous_2)
FN:79,(anonymous_3)
FN:87,(anonymous_4)
FN:94,(anonymous_5)
FN:122,(anonymous_6)
FN:141,(anonymous_7)
FN:148,(anonymous_8)
FN:164,(anonymous_9)
FN:168,(anonymous_10)
FN:178,(anonymous_11)
FN:191,(anonymous_12)
FN:195,(anonymous_13)
FN:205,(anonymous_14)
FN:207,(anonymous_15)
FN:209,(anonymous_16)
FN:225,(anonymous_17)
FN:239,(anonymous_18)
FN:252,(anonymous_19)
FN:263,(anonymous_20)
FN:285,(anonymous_21)
FN:292,(anonymous_22)
FN:299,(anonymous_23)
FN:306,(anonymous_24)
FN:313,(anonymous_25)
FN:320,(anonymous_26)
FN:328,(anonymous_27)
FN:347,(anonymous_28)
FN:352,(anonymous_29)
FN:365,(anonymous_30)
FN:375,(anonymous_31)
FN:379,(anonymous_32)
FN:389,(anonymous_33)
FN:393,(anonymous_34)
FN:397,(anonymous_35)
FN:418,(anonymous_36)
FN:427,(anonymous_37)
FNF:38
FNH:8
FNDA:24,(anonymous_0)
FNDA:24,(anonymous_1)
FNDA:0,(anonymous_2)
FNDA:0,(anonymous_3)
FNDA:0,(anonymous_4)
FNDA:0,(anonymous_5)
FNDA:0,(anonymous_6)
FNDA:0,(anonymous_7)
FNDA:21,(anonymous_8)
FNDA:0,(anonymous_9)
FNDA:126,(anonymous_10)
FNDA:0,(anonymous_11)
FNDA:0,(anonymous_12)
FNDA:0,(anonymous_13)
FNDA:0,(anonymous_14)
FNDA:0,(anonymous_15)
FNDA:0,(anonymous_16)
FNDA:21,(anonymous_17)
FNDA:0,(anonymous_18)
FNDA:0,(anonymous_19)
FNDA:231,(anonymous_20)
FNDA:0,(anonymous_21)
FNDA:0,(anonymous_22)
FNDA:0,(anonymous_23)
FNDA:0,(anonymous_24)
FNDA:0,(anonymous_25)
FNDA:0,(anonymous_26)
FNDA:0,(anonymous_27)
FNDA:0,(anonymous_28)
FNDA:0,(anonymous_29)
FNDA:0,(anonymous_30)
FNDA:0,(anonymous_31)
FNDA:0,(anonymous_32)
FNDA:0,(anonymous_33)
FNDA:0,(anonymous_34)
FNDA:0,(anonymous_35)
FNDA:117,(anonymous_36)
FNDA:4,(anonymous_37)
DA:21,24
DA:22,24
DA:23,24
DA:31,24
DA:32,24
DA:35,24
DA:50,0
DA:51,0
DA:54,0
DA:56,0
DA:59,0
DA:62,0
DA:65,0
DA:68,0
DA:71,0
DA:72,0
DA:88,0
DA:95,0
DA:97,0
DA:100,0
DA:101,0
DA:102,0
DA:106,0
DA:107,0
DA:108,0
DA:111,0
DA:114,0
DA:123,0
DA:124,0
DA:127,0
DA:130,0
DA:142,0
DA:149,21
DA:152,21
DA:153,21
DA:154,21
DA:156,0
DA:157,0
DA:161,21
DA:162,0
DA:163,0
DA:164,0
DA:166,21
DA:167,21
DA:168,126
DA:179,0
DA:180,0
DA:183,0
DA:192,0
DA:194,0
DA:195,0
DA:197,0
DA:198,0
DA:207,0
DA:208,0
DA:209,0
DA:210,0
DA:216,0
DA:217,0
DA:226,21
DA:228,21
DA:234,21
DA:237,21
DA:238,0
DA:239,0
DA:240,0
DA:241,0
DA:243,0
DA:264,231
DA:266,231
DA:267,231
DA:270,231
DA:271,231
DA:272,126
DA:274,231
DA:286,0
DA:293,0
DA:300,0
DA:307,0
DA:314,0
DA:321,0
DA:329,0
DA:332,0
DA:338,0
DA:339,0
DA:348,0
DA:351,0
DA:352,0
DA:355,0
DA:356,0
DA:357,0
DA:358,0
DA:359,0
DA:362,0
DA:365,0
DA:366,0
DA:367,0
DA:376,0
DA:378,0
DA:379,0
DA:390,0
DA:393,0
DA:394,0
DA:395,0
DA:396,0
DA:397,0
DA:398,0
DA:401,0
DA:406,0
DA:407,0
DA:410,0
DA:419,117
DA:428,4
LF:113
LH:27
BRDA:20,0,0,0
BRDA:21,1,0,24
BRDA:21,1,1,0
BRDA:26,2,0,24
BRDA:26,2,1,24
BRDA:50,3,0,0
BRDA:50,3,1,0
BRDA:100,4,0,0
BRDA:100,4,1,0
BRDA:149,5,0,0
BRDA:149,5,1,21
BRDA:152,6,0,21
BRDA:152,6,1,0
BRDA:161,7,0,0
BRDA:161,7,1,21
BRDA:178,8,0,0
BRDA:179,9,0,0
BRDA:179,9,1,0
BRDA:192,10,0,0
BRDA:192,10,1,0
BRDA:197,11,0,0
BRDA:197,11,1,0
BRDA:208,12,0,0
BRDA:208,12,1,0
BRDA:208,13,0,0
BRDA:208,13,1,0
BRDA:208,13,2,0
BRDA:225,14,0,0
BRDA:226,15,0,0
BRDA:226,15,1,21
BRDA:237,16,0,0
BRDA:237,16,1,21
BRDA:263,17,0,231
BRDA:264,18,0,0
BRDA:264,18,1,231
BRDA:264,19,0,231
BRDA:264,19,1,231
BRDA:271,20,0,126
BRDA:271,20,1,105
BRDA:338,21,0,0
BRDA:338,21,1,0
BRDA:348,22,0,0
BRDA:348,22,1,0
BRDA:366,23,0,0
BRDA:366,23,1,0
BRDA:376,24,0,0
BRDA:376,24,1,0
BRDA:389,25,0,0
BRDA:389,26,0,0
BRDA:394,27,0,0
BRDA:394,27,1,0
BRDA:396,28,0,0
BRDA:396,28,1,0
BRDA:406,29,0,0
BRDA:406,29,1,0
BRDA:419,30,0,117
BRDA:419,30,1,0
BRDA:428,31,0,4
BRDA:428,31,1,0
BRF:59
BRH:16
end_of_record
TN:
SF:src/components/ExpenseForm.js
FN:33,(anonymous_0)
FN:40,(anonymous_1)
FN:41,(anonymous_2)
FN:42,(anonymous_3)
FN:43,(anonymous_4)
FN:69,(anonymous_5)
FN:108,(anonymous_6)
FN:138,(anonymous_7)
FN:226,(anonymous_8)
FN:257,(anonymous_9)
FN:297,(anonymous_10)
FN:310,(anonymous_11)
FN:324,(anonymous_12)
FN:374,(anonymous_13)
FN:383,(anonymous_14)
FN:400,(anonymous_15)
FN:411,(anonymous_16)
FN:420,(anonymous_17)
FN:438,(anonymous_18)
FN:442,(anonymous_19)
FN:454,(anonymous_20)
FN:510,(anonymous_21)
FN:575,(anonymous_22)
FN:607,(anonymous_23)
FN:650,(anonymous_24)
FN:664,(anonymous_25)
FN:674,(anonymous_26)
FN:681,(anonymous_27)
FN:691,(anonymous_28)
FN:714,(anonymous_29)
FN:736,(anonymous_30)
FN:744,(anonymous_31)
FNF:32
FNH:19
FNDA:24,(anonymous_0)
FNDA:0,(anonymous_1)
FNDA:0,(anonymous_2)
FNDA:0,(anonymous_3)
FNDA:0,(anonymous_4)
FNDA:21,(anonymous_5)
FNDA:21,(anonymous_6)
FNDA:21,(anonymous_7)
FNDA:42,(anonymous_8)
FNDA:21,(anonymous_9)
FNDA:21,(anonymous_10)
FNDA:84,(anonymous_11)
FNDA:12,(anonymous_12)
FNDA:0,(anonymous_13)
FNDA:0,(anonymous_14)
FNDA:0,(anonymous_15)
FNDA:0,(anonymous_16)
FNDA:24,(anonymous_17)
FNDA:0,(anonymous_18)
FNDA:0,(anonymous_19)
FNDA:12,(anonymous_20)
FNDA:0,(anonymous_21)
FNDA:2,(anonymous_22)
FNDA:10,(anonymous_23)
FNDA:1,(anonymous_24)
FNDA:2,(anonymous_25)
FNDA:8,(anonymous_26)
FNDA:0,(anonymous_27)
FNDA:0,(anonymous_28)
FNDA:23,(anonymous_29)
FNDA:10,(anonymous_30)
FNDA:1,(anonymous_31)
DA:34,24
DA:37,24
DA:40,24
DA:41,24
DA:42,24
DA:43,24
DA:46,24
DA:49,24
DA:52,24
DA:60,24
DA:61,24
DA:62,24
DA:63,24
DA:70,21
DA:72,21
DA:73,21
DA:76,0
DA:79,0
DA:80,0
DA:90,0
DA:91,0
DA:94,0
DA:97,0
DA:99,0
DA:100,0
DA:109,21
DA:110,0
DA:113,21
DA:115,21
DA:118,21
DA:121,21
DA:124,21
DA:127,21
DA:129,0
DA:140,21
DA:143,21
DA:144,21
DA:147,21
DA:150,21
DA:226,42
DA:259,21
DA:260,20
DA:263,1
DA:264,1
DA:265,1
DA:291,1
DA:298,21
DA:299,21
DA:300,21
DA:302,21
DA:303,21
DA:306,21
DA:307,21
DA:310,21
DA:311,84
DA:312,84
DA:315,21
DA:316,21
DA:325,12
DA:327,12
DA:329,12
DA:332,12
DA:334,12
DA:335,7
DA:339,5
DA:342,5
DA:348,5
DA:349,1
DA:353,5
DA:356,4
DA:358,2
DA:361,4
DA:364,1
DA:365,1
DA:366,1
DA:375,0
DA:376,0
DA:384,0
DA:387,0
DA:390,0
DA:393,0
DA:401,0
DA:404,0
DA:413,0
DA:421,24
DA:422,24
DA:424,24
DA:426,24
DA:439,0
DA:442,0
DA:443,0
DA:444,0
DA:445,0
DA:455,12
DA:456,12
DA:459,12
DA:460,12
DA:461,6
DA:462,6
DA:464,6
DA:465,6
DA:466,1
DA:467,1
DA:472,12
DA:473,6
DA:474,6
DA:476,6
DA:477,6
DA:478,1
DA:479,1
DA:484,12
DA:485,1
DA:486,1
DA:488,11
DA:489,11
DA:490,1
DA:491,1
DA:496,12
DA:497,7
DA:498,7
DA:501,12
DA:511,0
DA:512,0
DA:514,0
DA:516,0
DA:517,0
DA:518,0
DA:519,0
DA:521,0
DA:522,0
DA:523,0
DA:524,0
DA:527,0
DA:530,0
DA:531,0
DA:532,0
DA:534,0
DA:535,0
DA:536,0
DA:537,0
DA:540,0
DA:543,0
DA:544,0
DA:545,0
DA:547,0
DA:548,0
DA:549,0
DA:550,0
DA:553,0
DA:556,0
DA:557,0
DA:558,0
DA:560,0
DA:563,0
DA:564,0
DA:566,0
DA:569,0
DA:577,2
DA:585,2
DA:586,2
DA:587,2
DA:590,2
DA:591,2
DA:592,2
DA:597,2
DA:600,2
DA:608,10
DA:609,10
DA:610,10
DA:611,10
DA:613,10
DA:614,10
DA:617,10
DA:618,5
DA:620,5
DA:625,10
DA:626,10
DA:627,5
DA:629,5
DA:633,10
DA:634,10
DA:635,5
DA:636,5
DA:638,5
DA:639,5
DA:643,10
DA:651,1
DA:652,1
DA:653,1
DA:654,1
DA:657,1
DA:666,2
DA:667,2
DA:668,2
DA:669,2
DA:673,2
DA:674,2
DA:675,8
DA:676,8
DA:680,2
DA:681,2
DA:682,0
DA:683,0
DA:692,0
DA:693,0
DA:695,0
DA:696,0
DA:697,0
DA:700,0
DA:701,0
DA:702,0
DA:706,0
DA:715,23
DA:716,23
DA:718,23
DA:719,23
DA:720,23
DA:723,23
DA:724,23
DA:725,23
DA:729,23
DA:737,10
DA:745,1
LF:223
LH:151
BRDA:33,0,0,0
BRDA:40,1,0,24
BRDA:40,1,1,0
BRDA:41,2,0,24
BRDA:41,2,1,2
BRDA:42,3,0,24
BRDA:42,3,1,24
BRDA:43,4,0,24
BRDA:43,4,1,24
BRDA:46,5,0,24
BRDA:46,5,1,0
BRDA:49,6,0,24
BRDA:49,6,1,21
BRDA:49,6,2,21
BRDA:62,7,0,24
BRDA:62,7,1,24
BRDA:63,8,0,24
BRDA:63,8,1,21
BRDA:72,9,0,21
BRDA:72,9,1,0
BRDA:79,10,0,0
BRDA:79,10,1,0
BRDA:109,11,0,0
BRDA:109,11,1,21
BRDA:144,12,0,2
BRDA:144,12,1,19
BRDA:153,13,0,3
BRDA:153,13,1,18
BRDA:229,14,0,3
BRDA:229,14,1,39
BRDA:244,15,0,3
BRDA:244,15,1,18
BRDA:259,16,0,20
BRDA:259,16,1,1
BRDA:302,17,0,21
BRDA:302,17,1,0
BRDA:306,18,0,21
BRDA:306,18,1,0
BRDA:315,19,0,21
BRDA:315,19,1,0
BRDA:334,20,0,7
BRDA:334,20,1,5
BRDA:348,21,0,1
BRDA:348,21,1,4
BRDA:348,22,0,5
BRDA:348,22,1,1
BRDA:356,23,0,2
BRDA:356,23,1,2
BRDA:356,24,0,4
BRDA:356,24,1,2
BRDA:422,25,0,0
BRDA:422,25,1,24
BRDA:427,26,0,24
BRDA:427,26,1,12
BRDA:428,27,0,24
BRDA:428,27,1,12
BRDA:429,28,0,24
BRDA:429,28,1,2
BRDA:430,29,0,24
BRDA:430,29,1,14
BRDA:444,30,0,0
BRDA:444,30,1,0
BRDA:460,31,0,6
BRDA:460,31,1,6
BRDA:460,32,0,12
BRDA:460,32,1,6
BRDA:465,33,0,1
BRDA:465,33,1,5
BRDA:472,34,0,6
BRDA:472,34,1,6
BRDA:477,35,0,1
BRDA:477,35,1,5
BRDA:484,36,0,1
BRDA:484,36,1,11
BRDA:489,37,0,1
BRDA:489,37,1,10
BRDA:496,38,0,7
BRDA:496,38,1,5
BRDA:514,39,0,0
BRDA:514,39,1,0
BRDA:514,39,2,0
BRDA:514,39,3,0
BRDA:517,40,0,0
BRDA:517,40,1,0
BRDA:517,41,0,0
BRDA:517,41,1,0
BRDA:522,42,0,0
BRDA:522,42,1,0
BRDA:530,43,0,0
BRDA:530,43,1,0
BRDA:535,44,0,0
BRDA:535,44,1,0
BRDA:543,45,0,0
BRDA:543,45,1,0
BRDA:548,46,0,0
BRDA:548,46,1,0
BRDA:556,47,0,0
BRDA:556,47,1,0
BRDA:556,48,0,0
BRDA:556,48,1,0
BRDA:563,49,0,0
BRDA:563,49,1,0
BRDA:586,50,0,2
BRDA:586,50,1,0
BRDA:591,51,0,2
BRDA:591,51,1,0
BRDA:613,52,0,10
BRDA:613,52,1,0
BRDA:617,53,0,5
BRDA:617,53,1,5
BRDA:625,54,0,10
BRDA:625,54,1,0
BRDA:626,55,0,5
BRDA:626,55,1,5
BRDA:633,56,0,10
BRDA:633,56,1,0
BRDA:633,57,0,10
BRDA:633,57,1,10
BRDA:634,58,0,5
BRDA:634,58,1,5
BRDA:652,59,0,1
BRDA:652,59,1,0
BRDA:667,60,0,2
BRDA:667,60,1,0
BRDA:695,61,0,0
BRDA:695,61,1,0
BRDA:700,62,0,0
BRDA:700,62,1,0
BRDA:718,63,0,23
BRDA:718,63,1,0
BRDA:723,64,0,23
BRDA:723,64,1,0
BRF:132
BRH:82
end_of_record
TN:
SF:src/models/Budget.js
FN:25,(anonymous_0)
FN:45,(anonymous_1)
FN:129,(anonymous_2)
FN:138,(anonymous_3)
FN:164,(anonymous_4)
FN:179,(anonymous_5)
FN:193,(anonymous_6)
FN:201,(anonymous_7)
FN:209,(anonymous_8)
FN:218,(anonymous_9)
FN:226,(anonymous_10)
FN:240,(anonymous_11)
FN:251,(anonymous_12)
FN:267,(anonymous_13)
FN:279,(anonymous_14)
FN:287,(anonymous_15)
FN:307,(anonymous_16)
FN:316,(anonymous_17)
FN:334,(anonymous_18)
FN:357,(anonymous_19)
FN:375,(anonymous_20)
FN:424,(anonymous_21)
FN:433,(anonymous_22)
FN:466,(anonymous_23)
FN:467,(anonymous_24)
FN:477,(anonymous_25)
FN:478,(anonymous_26)
FN:514,(anonymous_27)
FN:515,(anonymous_28)
FN:523,(anonymous_29)
FN:524,(anonymous_30)
FN:532,(anonymous_31)
FN:533,(anonymous_32)
FN:542,(anonymous_33)
FN:543,(anonymous_34)
FNF:35
FNH:0
FNDA:0,(anonymous_0)
FNDA:0,(anonymous_1)
FNDA:0,(anonymous_2)
FNDA:0,(anonymous_3)
FNDA:0,(anonymous_4)
FNDA:0,(anonymous_5)
FNDA:0,(anonymous_6)
FNDA:0,(anonymous_7)
FNDA:0,(anonymous_8)
FNDA:0,(anonymous_9)
FNDA:0,(anonymous_10)
FNDA:0,(anonymous_11)
FNDA:0,(anonymous_12)
FNDA:0,(anonymous_13)
FNDA:0,(anonymous_14)
FNDA:0,(anonymous_15)
FNDA:0,(anonymous_16)
FNDA:0,(anonymous_17)
FNDA:0,(anonymous_18)
FNDA:0,(anonymous_19)
FNDA:0,(anonymous_20)
FNDA:0,(anonymous_21)
FNDA:0,(anonymous_22)
FNDA:0,(anonymous_23)
FNDA:0,(anonymous_24)
FNDA:0,(anonymous_25)
FNDA:0,(anonymous_26)
FNDA:0,(anonymous_27)
FNDA:0,(anonymous_28)
FNDA:0,(anonymous_29)
FNDA:0,(anonymous_30)
FNDA:0,(anonymous_31)
FNDA:0,(anonymous_32)
FNDA:0,(anonymous_33)
FNDA:0,(anonymous_34)
DA:26,0
DA:28,0
DA:29,0
DA:30,0
DA:31,0
DA:32,0
DA:33,0
DA:34,0
DA:35,0
DA:36,0
DA:37,0
DA:46,0
DA:49,0
DA:50,0
DA:51,0
DA:52,0
DA:53,0
DA:54,0
DA:58,0
DA:59,0
DA:61,0
DA:62,0
DA:63,0
DA:64,0
DA:65,0
DA:66,0
DA:67,0
DA:72,0
DA:73,0
DA:74,0
DA:75,0
DA:76,0
DA:80,0
DA:81,0
DA:82,0
DA:83,0
DA:84,0
DA:85,0
DA:86,0
DA:87,0
DA:91,0
DA:92,0
DA:93,0
DA:94,0
DA:95,0
DA:96,0
DA:97,0
DA:98,0
DA:99,0
DA:100,0
DA:104,0
DA:105,0
DA:106,0
DA:107,0
DA:108,0
DA:109,0
DA:110,0
DA:111,0
DA:116,0
DA:117,0
DA:120,0
DA:121,0
DA:130,0
DA:139,0
DA:145,0
DA:147,0
DA:148,0
DA:149,0
DA:150,0
DA:151,0
DA:152,0
DA:153,0
DA:154,0
DA:156,0
DA:165,0
DA:166,0
DA:169,0
DA:170,0
DA:171,0
DA:180,0
DA:181,0
DA:184,0
DA:185,0
DA:186,0
DA:194,0
DA:202,0
DA:210,0
DA:219,0
DA:227,0
DA:229,0
DA:230,0
DA:231,0
DA:233,0
DA:241,0
DA:242,0
DA:243,0
DA:244,0
DA:252,0
DA:254,0
DA:255,0
DA:256,0
DA:258,0
DA:259,0
DA:260,0
DA:268,0
DA:270,0
DA:271,0
DA:272,0
DA:280,0
DA:288,0
DA:308,0
DA:317,0
DA:335,0
DA:358,0
DA:363,0
DA:376,0
DA:380,0
DA:382,0
DA:383,0
DA:384,0
DA:385,0
DA:386,0
DA:389,0
DA:390,0
DA:391,0
DA:392,0
DA:393,0
DA:394,0
DA:397,0
DA:398,0
DA:399,0
DA:400,0
DA:401,0
DA:402,0
DA:405,0
DA:408,0
DA:425,0
DA:431,0
DA:433,0
DA:434,0
DA:435,0
DA:438,0
DA:439,0
DA:440,0
DA:446,0
DA:447,0
DA:450,0
DA:458,0
DA:467,0
DA:478,0
DA:479,0
DA:481,0
DA:483,0
DA:484,0
DA:486,0
DA:487,0
DA:489,0
DA:490,0
DA:492,0
DA:493,0
DA:495,0
DA:496,0
DA:498,0
DA:499,0
DA:501,0
DA:504,0
DA:515,0
DA:524,0
DA:533,0
DA:543,0
LF:170
LH:0
BRDA:28,0,0,0
BRDA:28,0,1,0
BRDA:34,1,0,0
BRDA:34,1,1,0
BRDA:35,2,0,0
BRDA:35,2,1,0
BRDA:36,3,0,0
BRDA:36,3,1,0
BRDA:37,4,0,0
BRDA:37,4,1,0
BRDA:49,5,0,0
BRDA:49,5,1,0
BRDA:51,6,0,0
BRDA:51,6,1,0
BRDA:53,7,0,0
BRDA:53,7,1,0
BRDA:58,8,0,0
BRDA:58,8,1,0
BRDA:58,9,0,0
BRDA:58,9,1,0
BRDA:62,10,0,0
BRDA:62,10,1,0
BRDA:64,11,0,0
BRDA:64,11,1,0
BRDA:66,12,0,0
BRDA:66,12,1,0
BRDA:73,13,0,0
BRDA:73,13,1,0
BRDA:75,14,0,0
BRDA:75,14,1,0
BRDA:80,15,0,0
BRDA:80,15,1,0
BRDA:82,16,0,0
BRDA:82,16,1,0
BRDA:84,17,0,0
BRDA:84,17,1,0
BRDA:86,18,0,0
BRDA:86,18,1,0
BRDA:91,19,0,0
BRDA:91,19,1,0
BRDA:93,20,0,0
BRDA:93,20,1,0
BRDA:95,21,0,0
BRDA:95,21,1,0
BRDA:97,22,0,0
BRDA:97,22,1,0
BRDA:99,23,0,0
BRDA:99,23,1,0
BRDA:99,24,0,0
BRDA:99,24,1,0
BRDA:104,25,0,0
BRDA:104,25,1,0
BRDA:106,26,0,0
BRDA:106,26,1,0
BRDA:108,27,0,0
BRDA:108,27,1,0
BRDA:110,28,0,0
BRDA:110,28,1,0
BRDA:116,29,0,0
BRDA:116,29,1,0
BRDA:116,30,0,0
BRDA:116,30,1,0
BRDA:120,31,0,0
BRDA:120,31,1,0
BRDA:165,32,0,0
BRDA:165,32,1,0
BRDA:165,33,0,0
BRDA:165,33,1,0
BRDA:180,34,0,0
BRDA:180,34,1,0
BRDA:180,35,0,0
BRDA:180,35,1,0
BRDA:202,36,0,0
BRDA:202,36,1,0
BRDA:218,37,0,0
BRDA:227,38,0,0
BRDA:227,38,1,0
BRDA:233,39,0,0
BRDA:233,39,1,0
BRDA:252,40,0,0
BRDA:252,40,1,0
BRDA:258,41,0,0
BRDA:258,41,1,0
BRDA:259,42,0,0
BRDA:259,42,1,0
BRDA:270,43,0,0
BRDA:270,43,1,0
BRDA:271,44,0,0
BRDA:271,44,1,0
BRDA:318,45,0,0
BRDA:318,45,1,0
BRDA:318,45,2,0
BRDA:318,45,3,0
BRDA:318,45,4,0
BRDA:318,45,5,0
BRDA:318,45,6,0
BRDA:318,45,7,0
BRDA:318,45,8,0
BRDA:357,46,0,0
BRDA:357,47,0,0
BRDA:375,48,0,0
BRDA:376,49,0,0
BRDA:376,50,0,0
BRDA:380,51,0,0
BRDA:380,51,1,0
BRDA:380,51,2,0
BRDA:380,51,3,0
BRDA:439,52,0,0
BRDA:439,52,1,0
BRDA:477,53,0,0
BRDA:477,54,0,0
BRDA:481,55,0,0
BRDA:481,55,1,0
BRDA:481,55,2,0
BRDA:481,55,3,0
BRDA:481,55,4,0
BRDA:481,55,5,0
BRDA:481,55,6,0
BRDA:504,56,0,0
BRDA:504,56,1,0
BRDA:542,57,0,0
BRF:121
BRH:0
end_of_record
TN:
SF:src/models/Category.js
FN:22,(anonymous_0)
FN:39,(anonymous_1)
FN:87,(anonymous_2)
FN:96,(anonymous_3)
FN:118,(anonymous_4)
FN:126,(anonymous_5)
FN:143,(anonymous_6)
FN:152,(anonymous_7)
FN:167,(anonymous_8)
FN:182,(anonymous_9)
FN:190,(anonymous_10)
FN:205,(anonymous_11)
FN:213,(anonymous_12)
FN:226,(anonymous_13)
FN:235,(anonymous_14)
FN:268,(anonymous_15)
FN:269,(anonymous_16)
FN:276,(anonymous_17)
FN:334,(anonymous_18)
FN:344,(anonymous_19)
FN:346,(anonymous_20)
FN:358,(anonymous_21)
FN:359,(anonymous_22)
FN:370,(anonymous_23)
FN:371,(anonymous_24)
FN:385,(anonymous_25)
FN:388,(anonymous_26)
FN:400,(anonymous_27)
FN:415,(anonymous_28)
FNF:29
FNH:5
FNDA:8,(anonymous_0)
FNDA:8,(anonymous_1)
FNDA:0,(anonymous_2)
FNDA:0,(anonymous_3)
FNDA:0,(anonymous_4)
FNDA:8,(anonymous_5)
FNDA:0,(anonymous_6)
FNDA:0,(anonymous_7)
FNDA:0,(anonymous_8)
FNDA:0,(anonymous_9)
FNDA:0,(anonymous_10)
FNDA:0,(anonymous_11)
FNDA:0,(anonymous_12)
FNDA:0,(anonymous_13)
FNDA:0,(anonymous_14)
FNDA:0,(anonymous_15)
FNDA:0,(anonymous_16)
FNDA:1,(anonymous_17)
FNDA:8,(anonymous_18)
FNDA:0,(anonymous_19)
FNDA:0,(anonymous_20)
FNDA:0,(anonymous_21)
FNDA:0,(anonymous_22)
FNDA:0,(anonymous_23)
FNDA:0,(anonymous_24)
FNDA:0,(anonymous_25)
FNDA:0,(anonymous_26)
FNDA:0,(anonymous_27)
FNDA:0,(anonymous_28)
DA:23,8
DA:25,8
DA:26,8
DA:27,8
DA:28,8
DA:29,8
DA:30,8
DA:31,8
DA:40,8
DA:43,8
DA:44,0
DA:45,8
DA:46,0
DA:47,8
DA:48,0
DA:49,8
DA:50,0
DA:54,8
DA:55,0
DA:56,8
DA:57,0
DA:58,8
DA:59,0
DA:63,8
DA:64,0
DA:65,8
DA:66,0
DA:67,8
DA:68,0
DA:69,8
DA:70,0
DA:74,8
DA:75,0
DA:78,8
DA:79,0
DA:88,0
DA:97,0
DA:103,0
DA:105,0
DA:106,0
DA:107,0
DA:108,0
DA:109,0
DA:111,0
DA:119,0
DA:127,8
DA:144,0
DA:153,0
DA:168,0
DA:183,0
DA:191,0
DA:192,0
DA:193,0
DA:194,0
DA:197,0
DA:198,0
DA:206,0
DA:214,0
DA:227,0
DA:233,0
DA:235,0
DA:236,0
DA:237,0
DA:240,0
DA:241,0
DA:242,0
DA:248,0
DA:249,0
DA:252,0
DA:260,0
DA:269,0
DA:277,1
DA:334,8
DA:345,0
DA:346,0
DA:347,0
DA:359,0
DA:360,0
DA:361,0
DA:371,0
DA:372,0
DA:373,0
DA:374,0
DA:386,0
DA:388,0
DA:389,0
DA:390,0
DA:391,0
DA:401,0
DA:402,0
DA:416,0
LF:91
LH:25
BRDA:25,0,0,8
BRDA:25,0,1,0
BRDA:30,1,0,8
BRDA:30,1,1,8
BRDA:31,2,0,8
BRDA:31,2,1,8
BRDA:43,3,0,0
BRDA:43,3,1,8
BRDA:45,4,0,0
BRDA:45,4,1,8
BRDA:47,5,0,0
BRDA:47,5,1,8
BRDA:49,6,0,0
BRDA:49,6,1,8
BRDA:54,7,0,0
BRDA:54,7,1,8
BRDA:56,8,0,0
BRDA:56,8,1,8
BRDA:58,9,0,0
BRDA:58,9,1,8
BRDA:63,10,0,0
BRDA:63,10,1,8
BRDA:65,11,0,0
BRDA:65,11,1,8
BRDA:67,12,0,0
BRDA:67,12,1,8
BRDA:69,13,0,0
BRDA:69,13,1,8
BRDA:74,14,0,0
BRDA:74,14,1,8
BRDA:74,15,0,8
BRDA:74,15,1,8
BRDA:78,16,0,0
BRDA:78,16,1,8
BRDA:154,17,0,0
BRDA:154,17,1,0
BRDA:154,17,2,0
BRDA:154,17,3,0
BRDA:154,17,4,0
BRDA:154,17,5,0
BRDA:206,18,0,0
BRDA:206,18,1,0
BRDA:241,19,0,0
BRDA:241,19,1,0
BRDA:344,20,0,0
BRDA:347,21,0,0
BRDA:347,21,1,0
BRDA:358,22,0,0
BRDA:361,23,0,0
BRDA:361,23,1,0
BRDA:372,24,0,0
BRDA:372,24,1,0
BRDA:372,25,0,0
BRDA:372,25,1,0
BRDA:373,26,0,0
BRDA:373,26,1,0
BRDA:373,27,0,0
BRDA:373,27,1,0
BRDA:385,28,0,0
BRDA:402,29,0,0
BRDA:402,29,1,0
BRF:61
BRH:20
end_of_record
TN:
SF:src/models/Expense.js
FN:24,(anonymous_0)
FN:41,(anonymous_1)
FN:109,(anonymous_2)
FN:111,(anonymous_3)
FN:123,(anonymous_4)
FN:145,(anonymous_5)
FN:153,(anonymous_6)
FN:170,(anonymous_7)
FN:178,(anonymous_8)
FN:187,(anonymous_9)
FN:200,(anonymous_10)
FN:212,(anonymous_11)
FN:224,(anonymous_12)
FN:235,(anonymous_13)
FN:263,(anonymous_14)
FN:278,(anonymous_15)
FN:298,(anonymous_16)
FN:304,(anonymous_17)
FN:325,(anonymous_18)
FN:326,(anonymous_19)
FNF:20
FNH:0
FNDA:0,(anonymous_0)
FNDA:0,(anonymous_1)
FNDA:0,(anonymous_2)
FNDA:0,(anonymous_3)
FNDA:0,(anonymous_4)
FNDA:0,(anonymous_5)
FNDA:0,(anonymous_6)
FNDA:0,(anonymous_7)
FNDA:0,(anonymous_8)
FNDA:0,(anonymous_9)
FNDA:0,(anonymous_10)
FNDA:0,(anonymous_11)
FNDA:0,(anonymous_12)
FNDA:0,(anonymous_13)
FNDA:0,(anonymous_14)
FNDA:0,(anonymous_15)
FNDA:0,(anonymous_16)
FNDA:0,(anonymous_17)
FNDA:0,(anonymous_18)
FNDA:0,(anonymous_19)
DA:25,0
DA:27,0
DA:28,0
DA:29,0
DA:30,0
DA:31,0
DA:32,0
DA:33,0
DA:42,0
DA:45,0
DA:46,0
DA:48,0
DA:49,0
DA:50,0
DA:51,0
DA:52,0
DA:53,0
DA:54,0
DA:55,0
DA:56,0
DA:61,0
DA:62,0
DA:63,0
DA:64,0
DA:65,0
DA:66,0
DA:67,0
DA:68,0
DA:72,0
DA:73,0
DA:74,0
DA:75,0
DA:76,0
DA:77,0
DA:78,0
DA:79,0
DA:82,0
DA:83,0
DA:84,0
DA:85,0
DA:86,0
DA:87,0
DA:92,0
DA:93,0
DA:94,0
DA:95,0
DA:96,0
DA:97,0
DA:100,0
DA:101,0
DA:111,0
DA:112,0
DA:113,0
DA:114,0
DA:124,0
DA:130,0
DA:132,0
DA:133,0
DA:134,0
DA:135,0
DA:136,0
DA:138,0
DA:146,0
DA:154,0
DA:171,0
DA:179,0
DA:180,0
DA:188,0
DA:189,0
DA:190,0
DA:201,0
DA:202,0
DA:203,0
DA:213,0
DA:225,0
DA:236,0
DA:238,0
DA:240,0
DA:241,0
DA:243,0
DA:244,0
DA:246,0
DA:247,0
DA:249,0
DA:250,0
DA:252,0
DA:255,0
DA:264,0
DA:279,0
DA:299,0
DA:304,0
DA:305,0
DA:306,0
DA:307,0
DA:309,0
DA:317,0
DA:326,0
LF:97
LH:0
BRDA:27,0,0,0
BRDA:27,0,1,0
BRDA:32,1,0,0
BRDA:32,1,1,0
BRDA:33,2,0,0
BRDA:33,2,1,0
BRDA:45,3,0,0
BRDA:45,3,1,0
BRDA:45,4,0,0
BRDA:45,4,1,0
BRDA:49,5,0,0
BRDA:49,5,1,0
BRDA:51,6,0,0
BRDA:51,6,1,0
BRDA:53,7,0,0
BRDA:53,7,1,0
BRDA:55,8,0,0
BRDA:55,8,1,0
BRDA:61,9,0,0
BRDA:61,9,1,0
BRDA:61,10,0,0
BRDA:61,10,1,0
BRDA:63,11,0,0
BRDA:63,11,1,0
BRDA:65,12,0,0
BRDA:65,12,1,0
BRDA:67,13,0,0
BRDA:67,13,1,0
BRDA:72,14,0,0
BRDA:72,14,1,0
BRDA:74,15,0,0
BRDA:74,15,1,0
BRDA:76,16,0,0
BRDA:76,16,1,0
BRDA:78,17,0,0
BRDA:78,17,1,0
BRDA:86,18,0,0
BRDA:86,18,1,0
BRDA:92,19,0,0
BRDA:92,19,1,0
BRDA:94,20,0,0
BRDA:94,20,1,0
BRDA:96,21,0,0
BRDA:96,21,1,0
BRDA:100,22,0,0
BRDA:100,22,1,0
BRDA:113,23,0,0
BRDA:113,23,1,0
BRDA:191,24,0,0
BRDA:191,24,1,0
BRDA:212,25,0,0
BRDA:212,26,0,0
BRDA:224,27,0,0
BRDA:235,28,0,0
BRDA:235,29,0,0
BRDA:238,30,0,0
BRDA:238,30,1,0
BRDA:238,30,2,0
BRDA:238,30,3,0
BRDA:238,30,4,0
BRDA:255,31,0,0
BRDA:255,31,1,0
BRDA:265,32,0,0
BRDA:265,32,1,0
BRDA:265,32,2,0
BRDA:265,32,3,0
BRDA:265,32,4,0
BRDA:265,32,5,0
BRF:68
BRH:0
end_of_record
TN:
SF:src/services/AnalyticsService.js
FN:17,(anonymous_0)
FN:26,(anonymous_1)
FN:52,(anonymous_2)
FN:57,(anonymous_3)
FN:65,(anonymous_4)
FN:67,(anonymous_5)
FN:88,(anonymous_6)
FN:106,(anonymous_7)
FN:116,(anonymous_8)
FN:123,(anonymous_9)
FN:129,(anonymous_10)
FN:136,(anonymous_11)
FN:143,(anonymous_12)
FN:149,(anonymous_13)
FN:158,(anonymous_14)
FN:162,(anonymous_15)
FN:180,(anonymous_16)
FN:191,(anonymous_17)
FN:202,(anonymous_18)
FN:210,(anonymous_19)
FN:235,(anonymous_20)
FN:268,(anonymous_21)
FN:269,(anonymous_22)
FN:300,(anonymous_23)
FN:311,(anonymous_24)
FN:316,(anonymous_25)
FN:320,(anonymous_26)
FN:326,(anonymous_27)
FN:342,(anonymous_28)
FN:370,(anonymous_29)
FN:384,(anonymous_30)
FN:406,(anonymous_31)
FN:426,(anonymous_32)
FN:429,(anonymous_33)
FN:461,(anonymous_34)
FN:473,(anonymous_35)
FN:474,(anonymous_36)
FN:477,(anonymous_37)
FN:489,(anonymous_38)
FN:500,(anonymous_39)
FN:516,(anonymous_40)
FN:527,(anonymous_41)
FN:547,(anonymous_42)
FN:560,(anonymous_43)
FN:571,(anonymous_44)
FN:589,(anonymous_45)
FN:590,(anonymous_46)
FN:621,(anonymous_47)
FN:631,(anonymous_48)
FN:644,(anonymous_49)
FN:650,(anonymous_50)
FN:656,(anonymous_51)
FN:659,(anonymous_52)
FN:663,(anonymous_53)
FN:672,(anonymous_54)
FN:684,(anonymous_55)
FN:687,(anonymous_56)
FN:699,(anonymous_57)
FN:708,(anonymous_58)
FN:713,(anonymous_59)
FN:782,(anonymous_60)
FN:792,(anonymous_61)
FN:828,(anonymous_62)
FN:835,(anonymous_63)
FN:838,(anonymous_64)
FN:843,(anonymous_65)
FN:851,(anonymous_66)
FN:856,(anonymous_67)
FN:859,(anonymous_68)
FN:862,(anonymous_69)
FN:875,(anonymous_70)
FN:927,(anonymous_71)
FN:955,(anonymous_72)
FN:974,(anonymous_73)
FN:998,(anonymous_74)
FN:1014,(anonymous_75)
FNF:76
FNH:0
FNDA:0,(anonymous_0)
FNDA:0,(anonymous_1)
FNDA:0,(anonymous_2)
FNDA:0,(anonymous_3)
FNDA:0,(anonymous_4)
FNDA:0,(anonymous_5)
FNDA:0,(anonymous_6)
FNDA:0,(anonymous_7)
FNDA:0,(anonymous_8)
FNDA:0,(anonymous_9)
FNDA:0,(anonymous_10)
FNDA:0,(anonymous_11)
FNDA:0,(anonymous_12)
FNDA:0,(anonymous_13)
FNDA:0,(anonymous_14)
FNDA:0,(anonymous_15)
FNDA:0,(anonymous_16)
FNDA:0,(anonymous_17)
FNDA:0,(anonymous_18)
FNDA:0,(anonymous_19)
FNDA:0,(anonymous_20)
FNDA:0,(anonymous_21)
FNDA:0,(anonymous_22)
FNDA:0,(anonymous_23)
FNDA:0,(anonymous_24)
FNDA:0,(anonymous_25)
FNDA:0,(anonymous_26)
FNDA:0,(anonymous_27)
FNDA:0,(anonymous_28)
FNDA:0,(anonymous_29)
FNDA:0,(anonymous_30)
FNDA:0,(anonymous_31)
FNDA:0,(anonymous_32)
FNDA:0,(anonymous_33)
FNDA:0,(anonymous_34)
FNDA:0,(anonymous_35)
FNDA:0,(anonymous_36)
FNDA:0,(anonymous_37)
FNDA:0,(anonymous_38)
FNDA:0,(anonymous_39)
FNDA:0,(anonymous_40)
FNDA:0,(anonymous_41)
FNDA:0,(anonymous_42)
FNDA:0,(anonymous_43)
FNDA:0,(anonymous_44)
FNDA:0,(anonymous_45)
FNDA:0,(anonymous_46)
FNDA:0,(anonymous_47)
FNDA:0,(anonymous_48)
FNDA:0,(anonymous_49)
FNDA:0,(anonymous_50)
FNDA:0,(anonymous_51)
FNDA:0,(anonymous_52)
FNDA:0,(anonymous_53)
FNDA:0,(anonymous_54)
FNDA:0,(anonymous_55)
FNDA:0,(anonymous_56)
FNDA:0,(anonymous_57)
FNDA:0,(anonymous_58)
FNDA:0,(anonymous_59)
FNDA:0,(anonymous_60)
FNDA:0,(anonymous_61)
FNDA:0,(anonymous_62)
FNDA:0,(anonymous_63)
FNDA:0,(anonymous_64)
FNDA:0,(anonymous_65)
FNDA:0,(anonymous_66)
FNDA:0,(anonymous_67)
FNDA:0,(anonymous_68)
FNDA:0,(anonymous_69)
FNDA:0,(anonymous_70)
FNDA:0,(anonymous_71)
FNDA:0,(anonymous_72)
FNDA:0,(anonymous_73)
FNDA:0,(anonymous_74)
FNDA:0,(anonymous_75)
DA:18,0
DA:27,0
DA:33,0
DA:35,0
DA:38,0
DA:40,0
DA:41,0
DA:52,0
DA:53,0
DA:54,0
DA:57,0
DA:58,0
DA:61,0
DA:64,0
DA:65,0
DA:67,0
DA:69,0
DA:79,0
DA:89,0
DA:90,0
DA:91,0
DA:93,0
DA:95,0
DA:97,0
DA:107,0
DA:108,0
DA:109,0
DA:111,0
DA:114,0
DA:116,0
DA:117,0
DA:118,0
DA:119,0
DA:123,0
DA:129,0
DA:131,0
DA:133,0
DA:137,0
DA:138,0
DA:139,0
DA:142,0
DA:143,0
DA:146,0
DA:147,0
DA:149,0
DA:150,0
DA:151,0
DA:152,0
DA:154,0
DA:155,0
DA:158,0
DA:161,0
DA:162,0
DA:163,0
DA:164,0
DA:165,0
DA:167,0
DA:180,0
DA:182,0
DA:192,0
DA:193,0
DA:194,0
DA:195,0
DA:198,0
DA:199,0
DA:200,0
DA:202,0
DA:203,0
DA:204,0
DA:210,0
DA:211,0
DA:213,0
DA:224,0
DA:226,0
DA:236,0
DA:237,0
DA:238,0
DA:241,0
DA:242,0
DA:245,0
DA:246,0
DA:247,0
DA:248,0
DA:249,0
DA:267,0
DA:268,0
DA:269,0
DA:270,0
DA:272,0
DA:273,0
DA:291,0
DA:292,0
DA:295,0
DA:296,0
DA:299,0
DA:300,0
DA:302,0
DA:312,0
DA:313,0
DA:315,0
DA:316,0
DA:319,0
DA:320,0
DA:324,0
DA:325,0
DA:326,0
DA:327,0
DA:328,0
DA:333,0
DA:334,0
DA:337,0
DA:339,0
DA:341,0
DA:342,0
DA:345,0
DA:347,0
DA:367,0
DA:370,0
DA:373,0
DA:375,0
DA:385,0
DA:386,0
DA:388,0
DA:389,0
DA:393,0
DA:395,0
DA:396,0
DA:400,0
DA:401,0
DA:402,0
DA:403,0
DA:406,0
DA:407,0
DA:408,0
DA:413,0
DA:414,0
DA:426,0
DA:429,0
DA:430,0
DA:431,0
DA:433,0
DA:434,0
DA:435,0
DA:437,0
DA:438,0
DA:439,0
DA:441,0
DA:452,0
DA:462,0
DA:463,0
DA:464,0
DA:466,0
DA:468,0
DA:469,0
DA:472,0
DA:473,0
DA:474,0
DA:475,0
DA:477,0
DA:478,0
DA:479,0
DA:489,0
DA:491,0
DA:501,0
DA:502,0
DA:503,0
DA:505,0
DA:507,0
DA:508,0
DA:511,0
DA:512,0
DA:515,0
DA:516,0
DA:517,0
DA:518,0
DA:519,0
DA:520,0
DA:521,0
DA:522,0
DA:527,0
DA:528,0
DA:529,0
DA:530,0
DA:532,0
DA:533,0
DA:547,0
DA:548,0
DA:549,0
DA:560,0
DA:562,0
DA:572,0
DA:573,0
DA:575,0
DA:576,0
DA:579,0
DA:584,0
DA:589,0
DA:590,0
DA:591,0
DA:592,0
DA:594,0
DA:612,0
DA:622,0
DA:623,0
DA:624,0
DA:626,0
DA:628,0
DA:631,0
DA:641,0
DA:645,0
DA:646,0
DA:648,0
DA:650,0
DA:653,0
DA:654,0
DA:655,0
DA:656,0
DA:659,0
DA:662,0
DA:663,0
DA:664,0
DA:665,0
DA:672,0
DA:675,0
DA:685,0
DA:687,0
DA:688,0
DA:700,0
DA:701,0
DA:709,0
DA:710,0
DA:711,0
DA:713,0
DA:715,0
DA:716,0
DA:734,0
DA:735,0
DA:752,0
DA:753,0
DA:771,0
DA:773,0
DA:774,0
DA:783,0
DA:784,0
DA:785,0
DA:787,0
DA:788,0
DA:792,0
DA:793,0
DA:796,0
DA:798,0
DA:799,0
DA:815,0
DA:817,0
DA:818,0
DA:829,0
DA:831,0
DA:834,0
DA:835,0
DA:837,0
DA:838,0
DA:842,0
DA:843,0
DA:847,0
DA:848,0
DA:849,0
DA:851,0
DA:852,0
DA:854,0
DA:855,0
DA:856,0
DA:857,0
DA:859,0
DA:860,0
DA:862,0
DA:863,0
DA:867,0
DA:876,0
DA:884,0
DA:886,0
DA:887,0
DA:890,0
DA:892,0
DA:904,0
DA:905,0
DA:908,0
DA:909,0
DA:912,0
DA:913,0
DA:916,0
DA:918,0
DA:928,0
DA:929,0
DA:930,0
DA:932,0
DA:935,0
DA:938,0
DA:939,0
DA:940,0
DA:943,0
DA:945,0
DA:956,0
DA:957,0
DA:958,0
DA:961,0
DA:967,0
DA:974,0
DA:976,0
DA:980,0
DA:988,0
DA:999,0
DA:1000,0
DA:1001,0
DA:1003,0
DA:1004,0
DA:1005,0
DA:1006,0
DA:1007,0
DA:1016,0
LF:319
LH:0
BRDA:17,0,0,0
BRDA:18,1,0,0
BRDA:18,1,1,0
BRDA:26,2,0,0
BRDA:32,3,0,0
BRDA:40,4,0,0
BRDA:40,4,1,0
BRDA:48,5,0,0
BRDA:48,5,1,0
BRDA:48,6,0,0
BRDA:48,6,1,0
BRDA:58,7,0,0
BRDA:58,7,1,0
BRDA:76,8,0,0
BRDA:76,8,1,0
BRDA:76,9,0,0
BRDA:76,9,1,0
BRDA:88,10,0,0
BRDA:106,11,0,0
BRDA:118,12,0,0
BRDA:118,12,1,0
BRDA:136,13,0,0
BRDA:138,14,0,0
BRDA:138,14,1,0
BRDA:151,15,0,0
BRDA:151,15,1,0
BRDA:152,16,0,0
BRDA:152,16,1,0
BRDA:165,17,0,0
BRDA:165,17,1,0
BRDA:169,18,0,0
BRDA:169,18,1,0
BRDA:170,19,0,0
BRDA:170,19,1,0
BRDA:171,20,0,0
BRDA:171,20,1,0
BRDA:191,21,0,0
BRDA:205,22,0,0
BRDA:205,22,1,0
BRDA:220,23,0,0
BRDA:220,23,1,0
BRDA:235,24,0,0
BRDA:238,25,0,0
BRDA:246,26,0,0
BRDA:246,26,1,0
BRDA:248,27,0,0
BRDA:248,27,1,0
BRDA:254,28,0,0
BRDA:254,28,1,0
BRDA:267,29,0,0
BRDA:267,29,1,0
BRDA:267,30,0,0
BRDA:267,30,1,0
BRDA:272,31,0,0
BRDA:272,31,1,0
BRDA:275,32,0,0
BRDA:275,32,1,0
BRDA:276,33,0,0
BRDA:276,33,1,0
BRDA:277,34,0,0
BRDA:277,34,1,0
BRDA:278,35,0,0
BRDA:278,35,1,0
BRDA:311,36,0,0
BRDA:319,37,0,0
BRDA:319,37,1,0
BRDA:324,38,0,0
BRDA:324,38,1,0
BRDA:328,39,0,0
BRDA:328,39,1,0
BRDA:333,40,0,0
BRDA:333,40,1,0
BRDA:334,41,0,0
BRDA:334,41,1,0
BRDA:361,42,0,0
BRDA:361,42,1,0
BRDA:373,43,0,0
BRDA:373,43,1,0
BRDA:373,44,0,0
BRDA:373,44,1,0
BRDA:384,45,0,0
BRDA:388,46,0,0
BRDA:388,46,1,0
BRDA:388,47,0,0
BRDA:388,47,1,0
BRDA:395,48,0,0
BRDA:395,48,1,0
BRDA:408,49,0,0
BRDA:408,49,1,0
BRDA:408,49,2,0
BRDA:413,50,0,0
BRDA:413,50,1,0
BRDA:431,51,0,0
BRDA:431,51,1,0
BRDA:435,52,0,0
BRDA:435,52,1,0
BRDA:449,53,0,0
BRDA:449,53,1,0
BRDA:461,54,0,0
BRDA:468,55,0,0
BRDA:468,55,1,0
BRDA:478,56,0,0
BRDA:478,56,1,0
BRDA:482,57,0,0
BRDA:482,57,1,0
BRDA:500,58,0,0
BRDA:507,59,0,0
BRDA:507,59,1,0
BRDA:517,60,0,0
BRDA:517,60,1,0
BRDA:519,61,0,0
BRDA:519,61,1,0
BRDA:528,62,0,0
BRDA:528,62,1,0
BRDA:532,63,0,0
BRDA:532,63,1,0
BRDA:548,64,0,0
BRDA:548,64,1,0
BRDA:571,65,0,0
BRDA:575,66,0,0
BRDA:575,66,1,0
BRDA:575,67,0,0
BRDA:575,67,1,0
BRDA:592,68,0,0
BRDA:592,68,1,0
BRDA:598,69,0,0
BRDA:598,69,1,0
BRDA:603,70,0,0
BRDA:603,70,1,0
BRDA:608,71,0,0
BRDA:608,71,1,0
BRDA:608,72,0,0
BRDA:608,72,1,0
BRDA:621,73,0,0
BRDA:648,74,0,0
BRDA:648,74,1,0
BRDA:648,74,2,0
BRDA:648,74,3,0
BRDA:648,74,4,0
BRDA:648,74,5,0
BRDA:666,75,0,0
BRDA:666,75,1,0
BRDA:688,76,0,0
BRDA:688,76,1,0
BRDA:688,76,2,0
BRDA:701,77,0,0
BRDA:701,77,1,0
BRDA:715,78,0,0
BRDA:715,78,1,0
BRDA:734,79,0,0
BRDA:734,79,1,0
BRDA:740,80,0,0
BRDA:740,80,1,0
BRDA:752,81,0,0
BRDA:752,81,1,0
BRDA:752,82,0,0
BRDA:752,82,1,0
BRDA:787,83,0,0
BRDA:787,83,1,0
BRDA:798,84,0,0
BRDA:798,84,1,0
BRDA:802,85,0,0
BRDA:802,85,1,0
BRDA:803,86,0,0
BRDA:803,86,1,0
BRDA:804,87,0,0
BRDA:804,87,1,0
BRDA:828,88,0,0
BRDA:834,89,0,0
BRDA:834,89,1,0
BRDA:837,90,0,0
BRDA:837,90,1,0
BRDA:842,91,0,0
BRDA:842,91,1,0
BRDA:847,92,0,0
BRDA:847,92,1,0
BRDA:847,93,0,0
BRDA:847,93,1,0
BRDA:849,94,0,0
BRDA:849,94,1,0
BRDA:849,94,2,0
BRDA:849,94,3,0
BRDA:875,95,0,0
BRDA:878,96,0,0
BRDA:879,97,0,0
BRDA:880,98,0,0
BRDA:881,99,0,0
BRDA:886,100,0,0
BRDA:886,100,1,0
BRDA:890,101,0,0
BRDA:890,101,1,0
BRDA:890,102,0,0
BRDA:890,102,1,0
BRDA:904,103,0,0
BRDA:904,103,1,0
BRDA:908,104,0,0
BRDA:908,104,1,0
BRDA:912,105,0,0
BRDA:912,105,1,0
BRDA:927,106,0,0
BRDA:957,107,0,0
BRDA:957,107,1,0
BRDA:957,108,0,0
BRDA:957,108,1,0
BRDA:976,109,0,0
BRDA:976,109,1,0
BRDA:976,109,2,0
BRDA:1003,110,0,0
BRDA:1003,110,1,0
BRDA:1004,111,0,0
BRDA:1004,111,1,0
BRDA:1005,112,0,0
BRDA:1005,112,1,0
BRDA:1006,113,0,0
BRDA:1006,113,1,0
BRF:215
BRH:0
end_of_record
TN:
SF:src/services/StorageService.js
FN:16,(anonymous_0)
FN:30,(anonymous_1)
FN:39,(anonymous_2)
FN:68,(anonymous_3)
FN:84,(anonymous_4)
FN:99,(anonymous_5)
FN:113,(anonymous_6)
FN:115,(anonymous_7)
FN:133,(anonymous_8)
FN:157,(anonymous_9)
FN:160,(anonymous_10)
FN:172,(anonymous_11)
FN:180,(anonymous_12)
FN:183,(anonymous_13)
FN:196,(anonymous_14)
FN:199,(anonymous_15)
FN:225,(anonymous_16)
FN:228,(anonymous_17)
FN:246,(anonymous_18)
FN:264,(anonymous_19)
FN:268,(anonymous_20)
FN:272,(anonymous_21)
FN:276,(anonymous_22)
FN:280,(anonymous_23)
FN:284,(anonymous_24)
FN:292,(anonymous_25)
FN:321,(anonymous_26)
FN:348,(anonymous_27)
FN:351,(anonymous_28)
FN:363,(anonymous_29)
FN:371,(anonymous_30)
FN:374,(anonymous_31)
FN:387,(anonymous_32)
FN:390,(anonymous_33)
FN:421,(anonymous_34)
FN:424,(anonymous_35)
FN:433,(anonymous_36)
FN:439,(anonymous_37)
FN:454,(anonymous_38)
FN:475,(anonymous_39)
FN:478,(anonymous_40)
FN:490,(anonymous_41)
FN:498,(anonymous_42)
FN:501,(anonymous_43)
FN:514,(anonymous_44)
FN:517,(anonymous_45)
FN:543,(anonymous_46)
FN:546,(anonymous_47)
FN:565,(anonymous_48)
FN:590,(anonymous_49)
FN:619,(anonymous_50)
FN:643,(anonymous_51)
FN:655,(anonymous_52)
FN:665,(anonymous_53)
FN:673,(anonymous_54)
FN:683,(anonymous_55)
FN:686,(anonymous_56)
FN:706,(anonymous_57)
FN:715,(anonymous_58)
FN:730,(anonymous_59)
FN:733,(anonymous_60)
FN:741,(anonymous_61)
FN:761,(anonymous_62)
FNF:63
FNH:5
FNDA:24,(anonymous_0)
FNDA:24,(anonymous_1)
FNDA:8,(anonymous_2)
FNDA:96,(anonymous_3)
FNDA:4,(anonymous_4)
FNDA:0,(anonymous_5)
FNDA:0,(anonymous_6)
FNDA:0,(anonymous_7)
FNDA:0,(anonymous_8)
FNDA:0,(anonymous_9)
FNDA:0,(anonymous_10)
FNDA:0,(anonymous_11)
FNDA:0,(anonymous_12)
FNDA:0,(anonymous_13)
FNDA:0,(anonymous_14)
FNDA:0,(anonymous_15)
FNDA:0,(anonymous_16)
FNDA:0,(anonymous_17)
FNDA:0,(anonymous_18)
FNDA:0,(anonymous_19)
FNDA:0,(anonymous_20)
FNDA:0,(anonymous_21)
FNDA:0,(anonymous_22)
FNDA:0,(anonymous_23)
FNDA:0,(anonymous_24)
FNDA:0,(anonymous_25)
FNDA:0,(anonymous_26)
FNDA:0,(anonymous_27)
FNDA:0,(anonymous_28)
FNDA:0,(anonymous_29)
FNDA:0,(anonymous_30)
FNDA:0,(anonymous_31)
FNDA:0,(anonymous_32)
FNDA:0,(anonymous_33)
FNDA:0,(anonymous_34)
FNDA:0,(anonymous_35)
FNDA:0,(anonymous_36)
FNDA:0,(anonymous_37)
FNDA:0,(anonymous_38)
FNDA:0,(anonymous_39)
FNDA:0,(anonymous_40)
FNDA:0,(anonymous_41)
FNDA:0,(anonymous_42)
FNDA:0,(anonymous_43)
FNDA:0,(anonymous_44)
FNDA:0,(anonymous_45)
FNDA:0,(anonymous_46)
FNDA:0,(anonymous_47)
FNDA:0,(anonymous_48)
FNDA:0,(anonymous_49)
FNDA:0,(anonymous_50)
FNDA:0,(anonymous_51)
FNDA:0,(anonymous_52)
FNDA:0,(anonymous_53)
FNDA:0,(anonymous_54)
FNDA:0,(anonymous_55)
FNDA:0,(anonymous_56)
FNDA:0,(anonymous_57)
FNDA:0,(anonymous_58)
FNDA:0,(anonymous_59)
FNDA:0,(anonymous_60)
FNDA:0,(anonymous_61)
FNDA:0,(anonymous_62)
DA:17,24
DA:24,24
DA:31,24
DA:33,24
DA:34,1
DA:38,24
DA:39,8
DA:40,1
DA:44,24
DA:45,1
DA:49,24
DA:50,1
DA:58,0
DA:59,0
DA:69,96
DA:70,96
DA:71,96
DA:73,0
DA:74,0
DA:85,4
DA:86,4
DA:87,4
DA:89,0
DA:90,0
DA:100,0
DA:101,0
DA:102,0
DA:104,0
DA:105,0
DA:114,0
DA:115,0
DA:116,0
DA:118,0
DA:119,0
DA:121,0
DA:122,0
DA:134,0
DA:135,0
DA:136,0
DA:137,0
DA:139,0
DA:140,0
DA:142,0
DA:145,0
DA:146,0
DA:148,0
DA:158,0
DA:159,0
DA:160,0
DA:161,0
DA:163,0
DA:164,0
DA:173,0
DA:181,0
DA:182,0
DA:183,0
DA:185,0
DA:186,0
DA:197,0
DA:198,0
DA:199,0
DA:201,0
DA:202,0
DA:205,0
DA:206,0
DA:208,0
DA:210,0
DA:211,0
DA:213,0
DA:216,0
DA:226,0
DA:227,0
DA:228,0
DA:230,0
DA:231,0
DA:234,0
DA:236,0
DA:237,0
DA:247,0
DA:258,0
DA:260,0
DA:263,0
DA:264,0
DA:267,0
DA:268,0
DA:271,0
DA:272,0
DA:275,0
DA:276,0
DA:279,0
DA:280,0
DA:284,0
DA:287,0
DA:288,0
DA:289,0
DA:291,0
DA:292,0
DA:301,0
DA:302,0
DA:322,0
DA:323,0
DA:324,0
DA:327,0
DA:328,0
DA:331,0
DA:333,0
DA:334,0
DA:336,0
DA:339,0
DA:349,0
DA:350,0
DA:351,0
DA:352,0
DA:354,0
DA:355,0
DA:364,0
DA:372,0
DA:373,0
DA:374,0
DA:376,0
DA:377,0
DA:388,0
DA:389,0
DA:390,0
DA:392,0
DA:393,0
DA:396,0
DA:399,0
DA:400,0
DA:403,0
DA:404,0
DA:406,0
DA:407,0
DA:409,0
DA:412,0
DA:422,0
DA:423,0
DA:424,0
DA:426,0
DA:427,0
DA:431,0
DA:432,0
DA:433,0
DA:434,0
DA:435,0
DA:439,0
DA:440,0
DA:442,0
DA:443,0
DA:455,0
DA:456,0
DA:457,0
DA:458,0
DA:460,0
DA:461,0
DA:463,0
DA:466,0
DA:476,0
DA:477,0
DA:478,0
DA:479,0
DA:481,0
DA:482,0
DA:491,0
DA:499,0
DA:500,0
DA:501,0
DA:503,0
DA:504,0
DA:515,0
DA:516,0
DA:517,0
DA:519,0
DA:520,0
DA:523,0
DA:524,0
DA:526,0
DA:528,0
DA:529,0
DA:531,0
DA:534,0
DA:544,0
DA:545,0
DA:546,0
DA:548,0
DA:549,0
DA:552,0
DA:554,0
DA:555,0
DA:566,0
DA:568,0
DA:569,0
DA:571,0
DA:572,0
DA:574,0
DA:575,0
DA:576,0
DA:579,0
DA:580,0
DA:582,0
DA:583,0
DA:585,0
DA:589,0
DA:590,0
DA:591,0
DA:596,0
DA:598,0
DA:601,0
DA:606,0
DA:609,0
DA:620,0
DA:621,0
DA:634,0
DA:644,0
DA:645,0
DA:653,0
DA:654,0
DA:655,0
DA:656,0
DA:657,0
DA:658,0
DA:660,0
DA:661,0
DA:664,0
DA:665,0
DA:666,0
DA:671,0
DA:672,0
DA:673,0
DA:674,0
DA:675,0
DA:676,0
DA:678,0
DA:679,0
DA:682,0
DA:683,0
DA:684,0
DA:686,0
DA:687,0
DA:691,0
DA:693,0
DA:707,0
DA:716,0
DA:717,0
DA:718,0
DA:719,0
DA:721,0
DA:722,0
DA:731,0
DA:732,0
DA:733,0
DA:734,0
DA:735,0
DA:741,0
DA:743,0
DA:751,0
DA:752,0
DA:762,0
DA:763,0
DA:764,0
DA:765,0
DA:766,0
LF:262
LH:18
BRDA:33,0,0,1
BRDA:33,0,1,23
BRDA:38,1,0,1
BRDA:38,1,1,23
BRDA:44,2,0,1
BRDA:44,2,1,23
BRDA:49,3,0,1
BRDA:49,3,1,23
BRDA:71,4,0,92
BRDA:71,4,1,4
BRDA:139,5,0,0
BRDA:139,5,1,0
BRDA:145,6,0,0
BRDA:145,6,1,0
BRDA:161,7,0,0
BRDA:161,7,1,0
BRDA:173,8,0,0
BRDA:173,8,1,0
BRDA:201,9,0,0
BRDA:201,9,1,0
BRDA:210,10,0,0
BRDA:210,10,1,0
BRDA:230,11,0,0
BRDA:230,11,1,0
BRDA:246,12,0,0
BRDA:254,13,0,0
BRDA:255,14,0,0
BRDA:256,15,0,0
BRDA:257,16,0,0
BRDA:263,17,0,0
BRDA:263,17,1,0
BRDA:267,18,0,0
BRDA:267,18,1,0
BRDA:271,19,0,0
BRDA:271,19,1,0
BRDA:275,20,0,0
BRDA:275,20,1,0
BRDA:279,21,0,0
BRDA:279,21,1,0
BRDA:327,22,0,0
BRDA:327,22,1,0
BRDA:333,23,0,0
BRDA:333,23,1,0
BRDA:352,24,0,0
BRDA:352,24,1,0
BRDA:364,25,0,0
BRDA:364,25,1,0
BRDA:392,26,0,0
BRDA:392,26,1,0
BRDA:399,27,0,0
BRDA:399,27,1,0
BRDA:399,28,0,0
BRDA:399,28,1,0
BRDA:406,29,0,0
BRDA:406,29,1,0
BRDA:426,30,0,0
BRDA:426,30,1,0
BRDA:431,31,0,0
BRDA:431,31,1,0
BRDA:434,32,0,0
BRDA:434,32,1,0
BRDA:460,33,0,0
BRDA:460,33,1,0
BRDA:479,34,0,0
BRDA:479,34,1,0
BRDA:491,35,0,0
BRDA:491,35,1,0
BRDA:519,36,0,0
BRDA:519,36,1,0
BRDA:528,37,0,0
BRDA:528,37,1,0
BRDA:548,38,0,0
BRDA:548,38,1,0
BRDA:571,39,0,0
BRDA:571,39,1,0
BRDA:572,40,0,0
BRDA:572,40,1,0
BRDA:572,40,2,0
BRDA:572,40,3,0
BRDA:591,41,0,0
BRDA:591,41,1,0
BRDA:591,41,2,0
BRDA:596,42,0,0
BRDA:596,42,1,0
BRDA:653,43,0,0
BRDA:653,43,1,0
BRDA:653,44,0,0
BRDA:653,44,1,0
BRDA:671,45,0,0
BRDA:671,45,1,0
BRDA:671,46,0,0
BRDA:671,46,1,0
BRDA:707,47,0,0
BRDA:707,47,1,0
BRDA:736,48,0,0
BRDA:736,48,1,0
BRDA:736,49,0,0
BRDA:736,49,1,0
BRDA:737,50,0,0
BRDA:737,50,1,0
BRDA:762,51,0,0
BRDA:762,51,1,0
BRF:102
BRH:10
end_of_record
TN:
SF:src/utils/currency.js
FN:42,formatCurrency
FN:100,formatExpenseAmount
FN:117,formatBudgetAmount
FN:134,formatSummaryAmount
FN:151,parseCurrency
FN:168,(anonymous_5)
FN:169,(anonymous_6)
FN:193,getCurrencySymbol
FN:202,getCurrencyName
FN:211,getCurrencyDecimals
FN:222,formatCurrencyInput
FN:241,validateCurrencyAmount
FN:279,calculateBudgetPercentage
FN:292,formatPercentage
FN:310,getCurrencyList
FN:311,(anonymous_15)
FN:329,formatCurrencyDifference
FN:365,roundCurrencyAmount
FNF:18
FNH:0
FNDA:0,formatCurrency
FNDA:0,formatExpenseAmount
FNDA:0,formatBudgetAmount
FNDA:0,formatSummaryAmount
FNDA:0,parseCurrency
FNDA:0,(anonymous_5)
FNDA:0,(anonymous_6)
FNDA:0,getCurrencySymbol
FNDA:0,getCurrencyName
FNDA:0,getCurrencyDecimals
FNDA:0,formatCurrencyInput
FNDA:0,validateCurrencyAmount
FNDA:0,calculateBudgetPercentage
FNDA:0,formatPercentage
FNDA:0,getCurrencyList
FNDA:0,(anonymous_15)
FNDA:0,formatCurrencyDifference
FNDA:0,roundCurrencyAmount
DA:10,1
DA:11,1
DA:16,1
DA:51,0
DA:53,0
DA:55,0
DA:56,0
DA:60,0
DA:63,0
DA:72,0
DA:73,0
DA:74,0
DA:77,0
DA:80,0
DA:81,0
DA:82,0
DA:83,0
DA:86,0
DA:88,0
DA:89,0
DA:101,0
DA:118,0
DA:135,0
DA:152,0
DA:153,0
DA:156,0
DA:158,0
DA:159,0
DA:166,0
DA:167,0
DA:168,0
DA:169,0
DA:172,0
DA:174,0
DA:177,0
DA:180,0
DA:181,0
DA:183,0
DA:184,0
DA:194,0
DA:203,0
DA:212,0
DA:223,0
DA:225,0
DA:226,0
DA:228,0
DA:229,0
DA:242,0
DA:244,0
DA:251,0
DA:253,0
DA:254,0
DA:255,0
DA:258,0
DA:259,0
DA:260,0
DA:263,0
DA:264,0
DA:265,0
DA:268,0
DA:269,0
DA:270,0
DA:280,0
DA:281,0
DA:293,0
DA:295,0
DA:296,0
DA:302,0
DA:311,0
DA:330,0
DA:332,0
DA:333,0
DA:341,0
DA:342,0
DA:344,0
DA:345,0
DA:346,0
DA:348,0
DA:349,0
DA:351,0
DA:366,0
DA:367,0
DA:368,0
LF:83
LH:3
BRDA:42,0,0,0
BRDA:44,1,0,0
BRDA:45,2,0,0
BRDA:46,3,0,0
BRDA:47,4,0,0
BRDA:48,5,0,0
BRDA:49,6,0,0
BRDA:50,7,0,0
BRDA:55,8,0,0
BRDA:55,8,1,0
BRDA:55,9,0,0
BRDA:55,9,1,0
BRDA:55,9,2,0
BRDA:56,10,0,0
BRDA:56,10,1,0
BRDA:56,11,0,0
BRDA:56,11,1,0
BRDA:60,12,0,0
BRDA:60,12,1,0
BRDA:66,13,0,0
BRDA:66,13,1,0
BRDA:67,14,0,0
BRDA:67,14,1,0
BRDA:68,15,0,0
BRDA:68,15,1,0
BRDA:72,16,0,0
BRDA:72,16,1,0
BRDA:72,17,0,0
BRDA:72,17,1,0
BRDA:80,18,0,0
BRDA:80,18,1,0
BRDA:80,19,0,0
BRDA:80,19,1,0
BRDA:82,20,0,0
BRDA:82,20,1,0
BRDA:82,21,0,0
BRDA:82,21,1,0
BRDA:89,22,0,0
BRDA:89,22,1,0
BRDA:89,23,0,0
BRDA:89,23,1,0
BRDA:100,24,0,0
BRDA:100,25,0,0
BRDA:117,26,0,0
BRDA:117,27,0,0
BRDA:134,28,0,0
BRDA:134,29,0,0
BRDA:151,30,0,0
BRDA:151,31,0,0
BRDA:152,32,0,0
BRDA:152,32,1,0
BRDA:152,33,0,0
BRDA:152,33,1,0
BRDA:158,34,0,0
BRDA:158,34,1,0
BRDA:168,35,0,0
BRDA:168,35,1,0
BRDA:169,36,0,0
BRDA:169,36,1,0
BRDA:172,37,0,0
BRDA:172,37,1,0
BRDA:181,38,0,0
BRDA:181,38,1,0
BRDA:194,39,0,0
BRDA:194,39,1,0
BRDA:203,40,0,0
BRDA:203,40,1,0
BRDA:212,41,0,0
BRDA:212,41,1,0
BRDA:222,42,0,0
BRDA:222,43,0,0
BRDA:223,44,0,0
BRDA:223,44,1,0
BRDA:226,45,0,0
BRDA:226,45,1,0
BRDA:228,46,0,0
BRDA:228,46,1,0
BRDA:241,47,0,0
BRDA:242,48,0,0
BRDA:242,49,0,0
BRDA:242,50,0,0
BRDA:251,51,0,0
BRDA:251,51,1,0
BRDA:253,52,0,0
BRDA:253,52,1,0
BRDA:253,53,0,0
BRDA:253,53,1,0
BRDA:253,53,2,0
BRDA:253,53,3,0
BRDA:258,54,0,0
BRDA:258,54,1,0
BRDA:263,55,0,0
BRDA:263,55,1,0
BRDA:280,56,0,0
BRDA:280,56,1,0
BRDA:280,57,0,0
BRDA:280,57,1,0
BRDA:292,58,0,0
BRDA:293,59,0,0
BRDA:293,60,0,0
BRDA:329,61,0,0
BRDA:330,62,0,0
BRDA:330,63,0,0
BRDA:330,64,0,0
BRDA:332,65,0,0
BRDA:332,65,1,0
BRDA:332,66,0,0
BRDA:332,66,1,0
BRDA:342,67,0,0
BRDA:342,67,1,0
BRDA:345,68,0,0
BRDA:345,68,1,0
BRDA:346,69,0,0
BRDA:346,69,1,0
BRDA:348,70,0,0
BRDA:348,70,1,0
BRDA:348,71,0,0
BRDA:348,71,1,0
BRDA:348,72,0,0
BRDA:348,72,1,0
BRDA:365,73,0,0
BRF:121
BRH:0
end_of_record
TN:
SF:src/utils/date.js
FN:23,formatDate
FN:65,formatExpenseDate
FN:74,formatDateForInput
FN:94,formatRelativeDate
FN:144,formatCustomDate
FN:167,getDateRange
FN:213,getDaysInMonth
FN:222,isToday
FN:234,isThisWeek
FN:246,isThisMonth
FN:259,parseDate
FN:285,addDays
FN:297,addMonths
FN:308,getStartAndEndOfDay
FN:323,getWeekDays
FN:343,getMonthNames
FN:362,getDateFormatOptions
FNF:17
FNH:1
FNDA:0,formatDate
FNDA:0,formatExpenseDate
FNDA:26,formatDateForInput
FNDA:0,formatRelativeDate
FNDA:0,formatCustomDate
FNDA:0,getDateRange
FNDA:0,getDaysInMonth
FNDA:0,isToday
FNDA:0,isThisWeek
FNDA:0,isThisMonth
FNDA:0,parseDate
FNDA:0,addDays
FNDA:0,addMonths
FNDA:0,getStartAndEndOfDay
FNDA:0,getWeekDays
FNDA:0,getMonthNames
FNDA:0,getDateFormatOptions
DA:10,1
DA:11,1
DA:29,0
DA:31,0
DA:33,0
DA:35,0
DA:36,0
DA:40,0
DA:41,0
DA:45,0
DA:46,0
DA:50,0
DA:52,0
DA:54,0
DA:55,0
DA:66,0
DA:75,26
DA:76,26
DA:78,26
DA:79,0
DA:82,26
DA:84,0
DA:95,0
DA:96,0
DA:97,0
DA:98,0
DA:99,0
DA:100,0
DA:103,0
DA:104,0
DA:106,0
DA:107,0
DA:108,0
DA:109,0
DA:110,0
DA:111,0
DA:113,0
DA:118,0
DA:119,0
DA:120,0
DA:121,0
DA:123,0
DA:125,0
DA:126,0
DA:127,0
DA:128,0
DA:129,0
DA:131,0
DA:134,0
DA:145,0
DA:146,0
DA:147,0
DA:148,0
DA:149,0
DA:150,0
DA:152,0
DA:168,0
DA:171,0
DA:174,0
DA:175,0
DA:176,0
DA:179,0
DA:180,0
DA:181,0
DA:182,0
DA:186,0
DA:189,0
DA:190,0
DA:194,0
DA:197,0
DA:198,0
DA:201,0
DA:204,0
DA:214,0
DA:223,0
DA:224,0
DA:226,0
DA:235,0
DA:236,0
DA:238,0
DA:247,0
DA:248,0
DA:250,0
DA:260,0
DA:261,0
DA:264,0
DA:266,0
DA:267,0
DA:268,0
DA:272,0
DA:273,0
DA:275,0
DA:286,0
DA:287,0
DA:288,0
DA:298,0
DA:299,0
DA:300,0
DA:309,0
DA:310,0
DA:312,0
DA:313,0
DA:315,0
DA:324,0
DA:325,0
DA:328,0
DA:329,0
DA:330,0
DA:335,0
DA:344,0
DA:346,0
DA:347,0
DA:348,0
DA:353,0
DA:363,0
DA:365,0
DA:367,0
DA:369,0
DA:371,0
DA:373,0
DA:375,0
LF:121
LH:6
BRDA:23,0,0,0
BRDA:25,1,0,0
BRDA:26,2,0,0
BRDA:27,3,0,0
BRDA:28,4,0,0
BRDA:33,5,0,0
BRDA:33,5,1,0
BRDA:35,6,0,0
BRDA:35,6,1,0
BRDA:35,7,0,0
BRDA:35,7,1,0
BRDA:40,8,0,0
BRDA:40,8,1,0
BRDA:45,9,0,0
BRDA:45,9,1,0
BRDA:45,10,0,0
BRDA:45,10,1,0
BRDA:65,11,0,0
BRDA:76,12,0,0
BRDA:76,12,1,26
BRDA:78,13,0,0
BRDA:78,13,1,26
BRDA:78,14,0,26
BRDA:78,14,1,26
BRDA:94,15,0,0
BRDA:103,16,0,0
BRDA:103,16,1,0
BRDA:106,17,0,0
BRDA:106,17,1,0
BRDA:108,18,0,0
BRDA:108,18,1,0
BRDA:110,19,0,0
BRDA:110,19,1,0
BRDA:118,20,0,0
BRDA:118,20,1,0
BRDA:119,21,0,0
BRDA:119,21,1,0
BRDA:120,22,0,0
BRDA:120,22,1,0
BRDA:123,23,0,0
BRDA:123,23,1,0
BRDA:125,24,0,0
BRDA:125,24,1,0
BRDA:126,25,0,0
BRDA:126,25,1,0
BRDA:128,26,0,0
BRDA:128,26,1,0
BRDA:167,27,0,0
BRDA:171,28,0,0
BRDA:171,28,1,0
BRDA:171,28,2,0
BRDA:171,28,3,0
BRDA:223,29,0,0
BRDA:223,29,1,0
BRDA:235,30,0,0
BRDA:235,30,1,0
BRDA:238,31,0,0
BRDA:238,31,1,0
BRDA:247,32,0,0
BRDA:247,32,1,0
BRDA:250,33,0,0
BRDA:250,33,1,0
BRDA:260,34,0,0
BRDA:260,34,1,0
BRDA:260,35,0,0
BRDA:260,35,1,0
BRDA:266,36,0,0
BRDA:266,36,1,0
BRDA:268,37,0,0
BRDA:268,37,1,0
BRDA:273,38,0,0
BRDA:273,38,1,0
BRDA:323,39,0,0
BRDA:343,40,0,0
BRDA:365,41,0,0
BRDA:365,41,1,0
BRDA:365,41,2,0
BRDA:365,41,3,0
BRDA:365,41,4,0
BRF:79
BRH:4
end_of_record
TN:
SF:src/utils/errors.js
FN:10,(anonymous_0)
FN:25,(anonymous_1)
FN:39,(anonymous_2)
FNF:3
FNH:0
FNDA:0,(anonymous_0)
FNDA:0,(anonymous_1)
FNDA:0,(anonymous_2)
DA:11,0
DA:12,0
DA:15,0
DA:16,0
DA:26,0
DA:27,0
DA:29,0
DA:30,0
DA:40,0
DA:41,0
DA:43,0
DA:44,0
LF:12
LH:0
BRDA:15,0,0,0
BRDA:15,0,1,0
BRDA:29,1,0,0
BRDA:29,1,1,0
BRDA:43,2,0,0
BRDA:43,2,1,0
BRF:6
BRH:0
end_of_record
TN:
SF:src/utils/number.js
FN:25,formatNumber
FN:68,formatInteger
FN:84,formatDecimal
FN:102,formatCompactNumber
FN:126,formatPercentage
FN:159,formatOrdinal
FN:212,parseNumber
FN:221,(anonymous_7)
FN:222,(anonymous_8)
FN:279,roundNumber
FN:295,clampNumber
FN:310,numberRange
FN:336,calculatePercentageChange
FN:356,formatNumberRange
FN:386,formatFileSize
FN:419,isNumberInRange
FN:431,escapeRegExp
FNF:17
FNH:0
FNDA:0,formatNumber
FNDA:0,formatInteger
FNDA:0,formatDecimal
FNDA:0,formatCompactNumber
FNDA:0,formatPercentage
FNDA:0,formatOrdinal
FNDA:0,parseNumber
FNDA:0,(anonymous_7)
FNDA:0,(anonymous_8)
FNDA:0,roundNumber
FNDA:0,clampNumber
FNDA:0,numberRange
FNDA:0,calculatePercentageChange
FNDA:0,formatNumberRange
FNDA:0,formatFileSize
FNDA:0,isNumberInRange
FNDA:0,escapeRegExp
DA:10,0
DA:34,0
DA:36,0
DA:38,0
DA:39,0
DA:42,0
DA:51,0
DA:52,0
DA:55,0
DA:57,0
DA:58,0
DA:69,0
DA:85,0
DA:107,0
DA:109,0
DA:131,0
DA:133,0
DA:135,0
DA:136,0
DA:140,0
DA:142,0
DA:148,0
DA:149,0
DA:160,0
DA:162,0
DA:163,0
DA:167,0
DA:168,0
DA:170,0
DA:185,0
DA:186,0
DA:188,0
DA:190,0
DA:192,0
DA:193,0
DA:195,0
DA:196,0
DA:197,0
DA:198,0
DA:199,0
DA:202,0
DA:213,0
DA:214,0
DA:217,0
DA:219,0
DA:220,0
DA:221,0
DA:222,0
DA:225,0
DA:228,0
DA:229,0
DA:232,0
DA:234,0
DA:235,0
DA:237,0
DA:239,0
DA:242,0
DA:246,0
DA:247,0
DA:249,0
DA:251,0
DA:254,0
DA:255,0
DA:257,0
DA:260,0
DA:265,0
DA:266,0
DA:268,0
DA:269,0
DA:280,0
DA:281,0
DA:284,0
DA:285,0
DA:296,0
DA:297,0
DA:300,0
DA:311,0
DA:313,0
DA:314,0
DA:317,0
DA:318,0
DA:319,0
DA:322,0
DA:323,0
DA:327,0
DA:337,0
DA:338,0
DA:341,0
DA:363,0
DA:365,0
DA:371,0
DA:372,0
DA:374,0
DA:391,0
DA:393,0
DA:394,0
DA:397,0
DA:398,0
DA:402,0
DA:403,0
DA:406,0
DA:407,0
DA:409,0
DA:420,0
DA:432,0
LF:105
LH:0
BRDA:25,0,0,0
BRDA:27,1,0,0
BRDA:28,2,0,0
BRDA:29,3,0,0
BRDA:30,4,0,0
BRDA:31,5,0,0
BRDA:32,6,0,0
BRDA:33,7,0,0
BRDA:38,8,0,0
BRDA:38,8,1,0
BRDA:38,9,0,0
BRDA:38,9,1,0
BRDA:38,9,2,0
BRDA:51,10,0,0
BRDA:51,10,1,0
BRDA:58,11,0,0
BRDA:58,11,1,0
BRDA:68,12,0,0
BRDA:84,13,0,0
BRDA:84,14,0,0
BRDA:102,15,0,0
BRDA:104,16,0,0
BRDA:105,17,0,0
BRDA:106,18,0,0
BRDA:126,19,0,0
BRDA:128,20,0,0
BRDA:129,21,0,0
BRDA:130,22,0,0
BRDA:135,23,0,0
BRDA:135,23,1,0
BRDA:135,24,0,0
BRDA:135,24,1,0
BRDA:135,24,2,0
BRDA:140,25,0,0
BRDA:140,25,1,0
BRDA:159,26,0,0
BRDA:162,27,0,0
BRDA:162,27,1,0
BRDA:162,28,0,0
BRDA:162,28,1,0
BRDA:162,28,2,0
BRDA:185,29,0,0
BRDA:185,29,1,0
BRDA:186,30,0,0
BRDA:186,30,1,0
BRDA:196,31,0,0
BRDA:196,31,1,0
BRDA:196,32,0,0
BRDA:196,32,1,0
BRDA:197,33,0,0
BRDA:197,33,1,0
BRDA:198,34,0,0
BRDA:198,34,1,0
BRDA:199,35,0,0
BRDA:199,35,1,0
BRDA:212,36,0,0
BRDA:213,37,0,0
BRDA:213,37,1,0
BRDA:213,38,0,0
BRDA:213,38,1,0
BRDA:221,39,0,0
BRDA:221,39,1,0
BRDA:222,40,0,0
BRDA:222,40,1,0
BRDA:232,41,0,0
BRDA:232,41,1,0
BRDA:237,42,0,0
BRDA:237,42,1,0
BRDA:249,43,0,0
BRDA:249,43,1,0
BRDA:254,44,0,0
BRDA:254,44,1,0
BRDA:255,45,0,0
BRDA:255,45,1,0
BRDA:255,46,0,0
BRDA:255,46,1,0
BRDA:266,47,0,0
BRDA:266,47,1,0
BRDA:279,48,0,0
BRDA:280,49,0,0
BRDA:280,49,1,0
BRDA:280,50,0,0
BRDA:280,50,1,0
BRDA:280,50,2,0
BRDA:296,51,0,0
BRDA:296,51,1,0
BRDA:296,52,0,0
BRDA:296,52,1,0
BRDA:310,53,0,0
BRDA:313,54,0,0
BRDA:313,54,1,0
BRDA:317,55,0,0
BRDA:317,55,1,0
BRDA:337,56,0,0
BRDA:337,56,1,0
BRDA:337,57,0,0
BRDA:337,57,1,0
BRDA:337,57,2,0
BRDA:356,58,0,0
BRDA:358,59,0,0
BRDA:359,60,0,0
BRDA:360,61,0,0
BRDA:361,62,0,0
BRDA:362,63,0,0
BRDA:386,64,0,0
BRDA:388,65,0,0
BRDA:389,66,0,0
BRDA:390,67,0,0
BRDA:393,68,0,0
BRDA:393,68,1,0
BRDA:393,69,0,0
BRDA:393,69,1,0
BRDA:397,70,0,0
BRDA:397,70,1,0
BRDA:398,71,0,0
BRDA:398,71,1,0
BRDA:402,72,0,0
BRDA:402,72,1,0
BRDA:420,73,0,0
BRDA:420,73,1,0
BRDA:420,73,2,0
BRDA:420,73,3,0
BRF:122
BRH:0
end_of_record
TN:
SF:src/utils/validation.js
FN:14,sanitizeHtml
FN:28,(anonymous_1)
FN:41,validateNumber
FN:108,validateDate
FN:187,validateUuid
FN:233,validateText
FN:310,validateEmail
FN:340,validateColor
FN:395,validateExpenseAmount
FN:424,validateExpenseDescription
FN:463,validateExpenseDate
FN:481,validateCategoryName
FN:496,validateCategoryColor
FN:508,validateBudgetAmount
FN:522,validateBudgetPeriod
FN:547,validateObject
FN:577,createArrayValidator
FN:580,validateArray
FN:642,throwIfInvalid
FN:654,checkDataIntegrity
FN:669,simpleHash
FNF:21
FNH:7
FNDA:6,sanitizeHtml
FNDA:0,(anonymous_1)
FNDA:6,validateNumber
FNDA:11,validateDate
FNDA:0,validateUuid
FNDA:6,validateText
FNDA:0,validateEmail
FNDA:0,validateColor
FNDA:6,validateExpenseAmount
FNDA:6,validateExpenseDescription
FNDA:11,validateExpenseDate
FNDA:0,validateCategoryName
FNDA:0,validateCategoryColor
FNDA:0,validateBudgetAmount
FNDA:0,validateBudgetPeriod
FNDA:0,validateObject
FNDA:0,createArrayValidator
FNDA:0,validateArray
FNDA:0,throwIfInvalid
FNDA:0,checkDataIntegrity
FNDA:0,simpleHash
DA:15,6
DA:16,0
DA:19,6
DA:28,6
DA:47,6
DA:49,6
DA:56,6
DA:57,0
DA:58,0
DA:62,6
DA:65,6
DA:66,0
DA:67,0
DA:71,6
DA:72,0
DA:73,0
DA:77,6
DA:78,0
DA:79,0
DA:83,6
DA:84,1
DA:85,1
DA:88,5
DA:89,0
DA:90,0
DA:93,5
DA:94,5
DA:95,5
DA:114,11
DA:116,11
DA:123,11
DA:124,0
DA:125,0
DA:130,11
DA:131,11
DA:133,11
DA:134,0
DA:135,0
DA:137,11
DA:138,0
DA:139,0
DA:140,0
DA:141,0
DA:143,0
DA:147,11
DA:148,0
DA:149,0
DA:153,11
DA:154,1
DA:155,1
DA:159,10
DA:160,0
DA:161,0
DA:165,10
DA:166,0
DA:167,0
DA:170,10
DA:171,10
DA:172,10
DA:175,0
DA:176,0
DA:188,0
DA:190,0
DA:197,0
DA:198,0
DA:199,0
DA:200,0
DA:202,0
DA:203,0
DA:204,0
DA:209,0
DA:211,0
DA:212,0
DA:213,0
DA:216,0
DA:217,0
DA:218,0
DA:241,6
DA:243,6
DA:250,6
DA:251,0
DA:252,0
DA:253,0
DA:255,0
DA:256,0
DA:257,0
DA:262,6
DA:265,6
DA:266,6
DA:270,6
DA:271,0
DA:272,0
DA:276,6
DA:277,0
DA:278,0
DA:282,6
DA:283,0
DA:284,0
DA:287,6
DA:288,1
DA:289,1
DA:293,5
DA:294,0
DA:295,0
DA:298,5
DA:299,5
DA:300,5
DA:311,0
DA:314,0
DA:315,0
DA:322,0
DA:324,0
DA:341,0
DA:343,0
DA:350,0
DA:351,0
DA:352,0
DA:353,0
DA:355,0
DA:356,0
DA:357,0
DA:362,0
DA:365,0
DA:366,0
DA:370,0
DA:371,0
DA:373,0
DA:374,0
DA:375,0
DA:379,0
DA:380,0
DA:385,0
DA:386,0
DA:387,0
DA:396,6
DA:404,6
DA:405,1
DA:406,1
DA:407,0
DA:408,0
DA:412,6
DA:425,6
DA:427,6
DA:434,6
DA:435,0
DA:443,6
DA:444,1
DA:451,5
DA:464,11
DA:469,11
DA:482,0
DA:497,0
DA:509,0
DA:523,0
DA:525,0
DA:531,0
DA:532,0
DA:533,0
DA:536,0
DA:537,0
DA:538,0
DA:548,0
DA:554,0
DA:555,0
DA:557,0
DA:558,0
DA:559,0
DA:561,0
DA:565,0
DA:578,0
DA:580,0
DA:581,0
DA:589,0
DA:590,0
DA:591,0
DA:592,0
DA:594,0
DA:595,0
DA:596,0
DA:601,0
DA:602,0
DA:603,0
DA:606,0
DA:607,0
DA:608,0
DA:612,0
DA:613,0
DA:615,0
DA:616,0
DA:617,0
DA:618,0
DA:620,0
DA:624,0
DA:625,0
DA:626,0
DA:627,0
DA:630,0
DA:631,0
DA:632,0
DA:643,0
DA:644,0
DA:655,0
DA:656,0
DA:657,0
DA:658,0
DA:660,0
DA:670,0
DA:671,0
DA:672,0
DA:673,0
DA:674,0
DA:676,0
LF:212
LH:62
BRDA:15,0,0,0
BRDA:15,0,1,6
BRDA:41,1,0,0
BRDA:43,2,0,0
BRDA:44,3,0,0
BRDA:45,4,0,0
BRDA:46,5,0,0
BRDA:56,6,0,0
BRDA:56,6,1,6
BRDA:56,7,0,6
BRDA:56,7,1,6
BRDA:56,7,2,6
BRDA:65,8,0,0
BRDA:65,8,1,6
BRDA:65,9,0,6
BRDA:65,9,1,6
BRDA:71,10,0,0
BRDA:71,10,1,6
BRDA:71,11,0,6
BRDA:71,11,1,0
BRDA:77,12,0,0
BRDA:77,12,1,6
BRDA:77,13,0,6
BRDA:77,13,1,6
BRDA:83,14,0,1
BRDA:83,14,1,5
BRDA:88,15,0,0
BRDA:88,15,1,5
BRDA:108,16,0,0
BRDA:110,17,0,0
BRDA:111,18,0,11
BRDA:112,19,0,11
BRDA:113,20,0,0
BRDA:123,21,0,0
BRDA:123,21,1,11
BRDA:123,22,0,11
BRDA:123,22,1,11
BRDA:123,22,2,11
BRDA:131,23,0,11
BRDA:131,23,1,0
BRDA:133,24,0,0
BRDA:133,24,1,11
BRDA:133,25,0,11
BRDA:133,25,1,11
BRDA:138,26,0,0
BRDA:138,26,1,0
BRDA:140,27,0,0
BRDA:140,27,1,0
BRDA:147,28,0,0
BRDA:147,28,1,11
BRDA:153,29,0,1
BRDA:153,29,1,10
BRDA:153,30,0,11
BRDA:153,30,1,11
BRDA:159,31,0,0
BRDA:159,31,1,10
BRDA:159,32,0,10
BRDA:159,32,1,0
BRDA:165,33,0,0
BRDA:165,33,1,10
BRDA:165,34,0,10
BRDA:165,34,1,0
BRDA:171,35,0,10
BRDA:171,35,1,0
BRDA:187,36,0,0
BRDA:188,37,0,0
BRDA:197,38,0,0
BRDA:197,38,1,0
BRDA:197,39,0,0
BRDA:197,39,1,0
BRDA:197,39,2,0
BRDA:198,40,0,0
BRDA:198,40,1,0
BRDA:211,41,0,0
BRDA:211,41,1,0
BRDA:211,42,0,0
BRDA:211,42,1,0
BRDA:233,43,0,0
BRDA:235,44,0,0
BRDA:236,45,0,0
BRDA:237,46,0,0
BRDA:238,47,0,6
BRDA:239,48,0,6
BRDA:240,49,0,6
BRDA:250,50,0,0
BRDA:250,50,1,6
BRDA:250,51,0,6
BRDA:250,51,1,6
BRDA:251,52,0,0
BRDA:251,52,1,0
BRDA:265,53,0,6
BRDA:265,53,1,0
BRDA:270,54,0,0
BRDA:270,54,1,6
BRDA:270,55,0,6
BRDA:270,55,1,0
BRDA:276,56,0,0
BRDA:276,56,1,6
BRDA:276,57,0,6
BRDA:276,57,1,6
BRDA:276,57,2,0
BRDA:282,58,0,0
BRDA:282,58,1,6
BRDA:287,59,0,1
BRDA:287,59,1,5
BRDA:293,60,0,0
BRDA:293,60,1,5
BRDA:293,61,0,5
BRDA:293,61,1,0
BRDA:310,62,0,0
BRDA:311,63,0,0
BRDA:314,64,0,0
BRDA:314,64,1,0
BRDA:314,65,0,0
BRDA:314,65,1,0
BRDA:314,65,2,0
BRDA:314,65,3,0
BRDA:340,66,0,0
BRDA:341,67,0,0
BRDA:341,68,0,0
BRDA:350,69,0,0
BRDA:350,69,1,0
BRDA:350,70,0,0
BRDA:350,70,1,0
BRDA:350,70,2,0
BRDA:351,71,0,0
BRDA:351,71,1,0
BRDA:365,72,0,0
BRDA:365,72,1,0
BRDA:373,73,0,0
BRDA:373,73,1,0
BRDA:373,74,0,0
BRDA:373,74,1,0
BRDA:373,75,0,0
BRDA:373,75,1,0
BRDA:379,76,0,0
BRDA:379,76,1,0
BRDA:404,77,0,1
BRDA:404,77,1,5
BRDA:405,78,0,1
BRDA:405,78,1,0
BRDA:407,79,0,0
BRDA:407,79,1,0
BRDA:415,80,0,5
BRDA:415,80,1,1
BRDA:424,81,0,6
BRDA:425,82,0,6
BRDA:434,83,0,0
BRDA:434,83,1,6
BRDA:434,84,0,6
BRDA:434,84,1,5
BRDA:434,84,2,5
BRDA:443,85,0,1
BRDA:443,85,1,5
BRDA:443,86,0,6
BRDA:443,86,1,1
BRDA:443,86,2,1
BRDA:454,87,0,5
BRDA:454,87,1,0
BRDA:472,88,0,10
BRDA:472,88,1,1
BRDA:531,89,0,0
BRDA:531,89,1,0
BRDA:531,90,0,0
BRDA:531,90,1,0
BRDA:557,91,0,0
BRDA:557,91,1,0
BRDA:577,92,0,0
BRDA:578,93,0,0
BRDA:578,94,0,0
BRDA:578,95,0,0
BRDA:589,96,0,0
BRDA:589,96,1,0
BRDA:590,97,0,0
BRDA:590,97,1,0
BRDA:601,98,0,0
BRDA:601,98,1,0
BRDA:606,99,0,0
BRDA:606,99,1,0
BRDA:617,100,0,0
BRDA:617,100,1,0
BRDA:624,101,0,0
BRDA:624,101,1,0
BRDA:642,102,0,0
BRDA:643,103,0,0
BRDA:643,103,1,0
BRF:186
BRH:72
end_of_record
